This file contains any messages produced by compilers while
running configure, to aid debugging if configure makes a mistake.

It was created by configure, which was
generated by GNU Autoconf 2.68.  Invocation command line was

  $ ./configure 

## --------- ##
## Platform. ##
## --------- ##

hostname = LaptopRafa
uname -m = x86_64
uname -r = 3.2.0-23-lowlatency
uname -s = Linux
uname -v = #31-Ubuntu SMP PREEMPT Wed Apr 11 02:24:03 UTC 2012

/usr/bin/uname -p = unknown
/bin/uname -X     = unknown

/bin/arch              = unknown
/usr/bin/arch -k       = unknown
/usr/convex/getsysinfo = unknown
/usr/bin/hostinfo      = unknown
/bin/machine           = unknown
/usr/bin/oslevel       = unknown
/bin/universe          = unknown

PATH: /home/rafaelvega/.rbenv/shims
PATH: /home/rafaelvega/.rbenv/bin
PATH: /usr/lib/lightdm/lightdm
PATH: /usr/local/sbin
PATH: /usr/local/bin
PATH: /usr/sbin
PATH: /usr/bin
PATH: /sbin
PATH: /bin
PATH: /usr/games
PATH: /home/rafaelvega/Scripts
PATH: /home/rafaelvega/Scripts/jack
PATH: /home/rafaelvega/TechStuff/Android/android-sdk-linux/tools
PATH: /home/rafaelvega/TechStuff/Android/android-sdk-linux/platform-tools
PATH: /opt/microchip/xc8/v1.10/bin


## ----------- ##
## Core tests. ##
## ----------- ##

configure:2174: checking for gcc
configure:2190: found /usr/bin/gcc
configure:2201: result: gcc
configure:2430: checking for C compiler version
configure:2439: gcc --version >&5
gcc (Ubuntu/Linaro 4.6.3-1ubuntu5) 4.6.3
Copyright (C) 2011 Free Software Foundation, Inc.
This is free software; see the source for copying conditions.  There is NO
warranty; not even for MERCHANTABILITY or FITNESS FOR A PARTICULAR PURPOSE.

configure:2450: $? = 0
configure:2439: gcc -v >&5
Using built-in specs.
COLLECT_GCC=gcc
COLLECT_LTO_WRAPPER=/usr/lib/gcc/x86_64-linux-gnu/4.6/lto-wrapper
Target: x86_64-linux-gnu
Configured with: ../src/configure -v --with-pkgversion='Ubuntu/Linaro 4.6.3-1ubuntu5' --with-bugurl=file:///usr/share/doc/gcc-4.6/README.Bugs --enable-languages=c,c++,fortran,objc,obj-c++ --prefix=/usr --program-suffix=-4.6 --enable-shared --enable-linker-build-id --with-system-zlib --libexecdir=/usr/lib --without-included-gettext --enable-threads=posix --with-gxx-include-dir=/usr/include/c++/4.6 --libdir=/usr/lib --enable-nls --with-sysroot=/ --enable-clocale=gnu --enable-libstdcxx-debug --enable-libstdcxx-time=yes --enable-gnu-unique-object --enable-plugin --enable-objc-gc --disable-werror --with-arch-32=i686 --with-tune=generic --enable-checking=release --build=x86_64-linux-gnu --host=x86_64-linux-gnu --target=x86_64-linux-gnu
Thread model: posix
gcc version 4.6.3 (Ubuntu/Linaro 4.6.3-1ubuntu5) 
configure:2450: $? = 0
configure:2439: gcc -V >&5
gcc: error: unrecognized option '-V'
gcc: fatal error: no input files
compilation terminated.
configure:2450: $? = 4
configure:2439: gcc -qversion >&5
gcc: error: unrecognized option '-qversion'
gcc: fatal error: no input files
compilation terminated.
configure:2450: $? = 4
configure:2470: checking whether the C compiler works
configure:2492: gcc    conftest.c  >&5
configure:2496: $? = 0
configure:2544: result: yes
configure:2547: checking for C compiler default output file name
configure:2549: result: a.out
configure:2555: checking for suffix of executables
configure:2562: gcc -o conftest    conftest.c  >&5
configure:2566: $? = 0
configure:2588: result: 
configure:2610: checking whether we are cross compiling
configure:2618: gcc -o conftest    conftest.c  >&5
configure:2622: $? = 0
configure:2629: ./conftest
configure:2633: $? = 0
configure:2648: result: no
configure:2653: checking for suffix of object files
configure:2675: gcc -c   conftest.c >&5
configure:2679: $? = 0
configure:2700: result: o
configure:2704: checking whether we are using the GNU C compiler
configure:2723: gcc -c   conftest.c >&5
configure:2723: $? = 0
configure:2732: result: yes
configure:2741: checking whether gcc accepts -g
configure:2761: gcc -c -g  conftest.c >&5
configure:2761: $? = 0
configure:2802: result: yes
configure:2819: checking for gcc option to accept ISO C89
configure:2883: gcc  -c -g -O2  conftest.c >&5
configure:2883: $? = 0
configure:2896: result: none needed
configure:3054: checking for main in -lc
configure:3073: gcc -o conftest  -g -O2    conftest.c -lc   >&5
configure:3073: $? = 0
configure:3082: result: yes
configure:3093: checking for fclose in -lcrtdll
configure:3118: gcc -o conftest  -g -O2    conftest.c -lcrtdll  -lc  >&5
/usr/bin/ld: cannot find -lcrtdll
collect2: ld returned 1 exit status
configure:3118: $? = 1
configure: failed program was:
| /* confdefs.h */
| #define PACKAGE_NAME ""
| #define PACKAGE_TARNAME ""
| #define PACKAGE_VERSION ""
| #define PACKAGE_STRING ""
| #define PACKAGE_BUGREPORT ""
| #define PACKAGE_URL ""
| #define HAVE_LIBC 1
| /* end confdefs.h.  */
| 
| /* Override any GCC internal prototype to avoid an error.
|    Use char because int might match the return type of a GCC
|    builtin and then its argument prototype would still apply.  */
| #ifdef __cplusplus
| extern "C"
| #endif
| char fclose ();
| int
| main ()
| {
| return fclose ();
|   ;
|   return 0;
| }
configure:3127: result: no
configure:3139: checking for lseek in -lcoldname
configure:3164: gcc -o conftest  -g -O2    conftest.c -lcoldname  -lc  >&5
/usr/bin/ld: cannot find -lcoldname
collect2: ld returned 1 exit status
configure:3164: $? = 1
configure: failed program was:
| /* confdefs.h */
| #define PACKAGE_NAME ""
| #define PACKAGE_TARNAME ""
| #define PACKAGE_VERSION ""
| #define PACKAGE_STRING ""
| #define PACKAGE_BUGREPORT ""
| #define PACKAGE_URL ""
| #define HAVE_LIBC 1
| /* end confdefs.h.  */
| 
| /* Override any GCC internal prototype to avoid an error.
|    Use char because int might match the return type of a GCC
|    builtin and then its argument prototype would still apply.  */
| #ifdef __cplusplus
| extern "C"
| #endif
| char lseek ();
| int
| main ()
| {
| return lseek ();
|   ;
|   return 0;
| }
configure:3173: result: no
configure:3184: checking for main in -lkernel32
configure:3203: gcc -o conftest  -g -O2    conftest.c -lkernel32  -lc  >&5
/usr/bin/ld: cannot find -lkernel32
collect2: ld returned 1 exit status
configure:3203: $? = 1
configure: failed program was:
| /* confdefs.h */
| #define PACKAGE_NAME ""
| #define PACKAGE_TARNAME ""
| #define PACKAGE_VERSION ""
| #define PACKAGE_STRING ""
| #define PACKAGE_BUGREPORT ""
| #define PACKAGE_URL ""
| #define HAVE_LIBC 1
| /* end confdefs.h.  */
| 
| 
| int
| main ()
| {
| return main ();
|   ;
|   return 0;
| }
configure:3212: result: no
configure:3223: checking for main in -luser32
configure:3242: gcc -o conftest  -g -O2    conftest.c -luser32  -lc  >&5
/usr/bin/ld: cannot find -luser32
collect2: ld returned 1 exit status
configure:3242: $? = 1
configure: failed program was:
| /* confdefs.h */
| #define PACKAGE_NAME ""
| #define PACKAGE_TARNAME ""
| #define PACKAGE_VERSION ""
| #define PACKAGE_STRING ""
| #define PACKAGE_BUGREPORT ""
| #define PACKAGE_URL ""
| #define HAVE_LIBC 1
| /* end confdefs.h.  */
| 
| 
| int
| main ()
| {
| return main ();
|   ;
|   return 0;
| }
configure:3251: result: no
configure:3262: checking for main in -lgdi32
configure:3281: gcc -o conftest  -g -O2    conftest.c -lgdi32  -lc  >&5
/usr/bin/ld: cannot find -lgdi32
collect2: ld returned 1 exit status
configure:3281: $? = 1
configure: failed program was:
| /* confdefs.h */
| #define PACKAGE_NAME ""
| #define PACKAGE_TARNAME ""
| #define PACKAGE_VERSION ""
| #define PACKAGE_STRING ""
| #define PACKAGE_BUGREPORT ""
| #define PACKAGE_URL ""
| #define HAVE_LIBC 1
| /* end confdefs.h.  */
| 
| 
| int
| main ()
| {
| return main ();
|   ;
|   return 0;
| }
configure:3290: result: no
configure:3302: checking for main in -lm
configure:3321: gcc -o conftest  -g -O2    conftest.c -lm  -lc  >&5
configure:3321: $? = 0
configure:3330: result: yes
configure:3342: checking for nullfn in -lpd
configure:3367: gcc -o conftest  -g -O2    conftest.c -lpd  -lm -lc  >&5
/usr/bin/ld: cannot find -lpd
collect2: ld returned 1 exit status
configure:3367: $? = 1
configure: failed program was:
| /* confdefs.h */
| #define PACKAGE_NAME ""
| #define PACKAGE_TARNAME ""
| #define PACKAGE_VERSION ""
| #define PACKAGE_STRING ""
| #define PACKAGE_BUGREPORT ""
| #define PACKAGE_URL ""
| #define HAVE_LIBC 1
| #define HAVE_LIBM 1
| /* end confdefs.h.  */
| 
| /* Override any GCC internal prototype to avoid an error.
|    Use char because int might match the return type of a GCC
|    builtin and then its argument prototype would still apply.  */
| #ifdef __cplusplus
| extern "C"
| #endif
| char nullfn ();
| int
| main ()
| {
| return nullfn ();
|   ;
|   return 0;
| }
configure:3376: result: no
configure:3388: checking for regcomp in -lregex
configure:3413: gcc -o conftest  -g -O2    conftest.c -lregex  -lm -lc  >&5
/usr/bin/ld: cannot find -lregex
collect2: ld returned 1 exit status
configure:3413: $? = 1
configure: failed program was:
| /* confdefs.h */
| #define PACKAGE_NAME ""
| #define PACKAGE_TARNAME ""
| #define PACKAGE_VERSION ""
| #define PACKAGE_STRING ""
| #define PACKAGE_BUGREPORT ""
| #define PACKAGE_URL ""
| #define HAVE_LIBC 1
| #define HAVE_LIBM 1
| /* end confdefs.h.  */
| 
| /* Override any GCC internal prototype to avoid an error.
|    Use char because int might match the return type of a GCC
|    builtin and then its argument prototype would still apply.  */
| #ifdef __cplusplus
| extern "C"
| #endif
| char regcomp ();
| int
| main ()
| {
| return regcomp ();
|   ;
|   return 0;
| }
configure:3422: result: no
configure:3440: checking how to run the C preprocessor
configure:3471: gcc -E   conftest.c
configure:3471: $? = 0
configure:3485: gcc -E   conftest.c
conftest.c:11:28: fatal error: ac_nonexistent.h: No such file or directory
compilation terminated.
configure:3485: $? = 1
configure: failed program was:
| /* confdefs.h */
| #define PACKAGE_NAME ""
| #define PACKAGE_TARNAME ""
| #define PACKAGE_VERSION ""
| #define PACKAGE_STRING ""
| #define PACKAGE_BUGREPORT ""
| #define PACKAGE_URL ""
| #define HAVE_LIBC 1
| #define HAVE_LIBM 1
| /* end confdefs.h.  */
| #include <ac_nonexistent.h>
configure:3510: result: gcc -E
configure:3530: gcc -E   conftest.c
configure:3530: $? = 0
configure:3544: gcc -E   conftest.c
conftest.c:11:28: fatal error: ac_nonexistent.h: No such file or directory
compilation terminated.
configure:3544: $? = 1
configure: failed program was:
| /* confdefs.h */
| #define PACKAGE_NAME ""
| #define PACKAGE_TARNAME ""
| #define PACKAGE_VERSION ""
| #define PACKAGE_STRING ""
| #define PACKAGE_BUGREPORT ""
| #define PACKAGE_URL ""
| #define HAVE_LIBC 1
| #define HAVE_LIBM 1
| /* end confdefs.h.  */
| #include <ac_nonexistent.h>
configure:3573: checking for grep that handles long lines and -e
configure:3631: result: /bin/grep
configure:3636: checking for egrep
configure:3698: result: /bin/grep -E
configure:3703: checking for ANSI C header files
configure:3723: gcc -c  -g -O2   conftest.c >&5
configure:3723: $? = 0
configure:3796: gcc -o conftest  -g -O2    conftest.c -lm -lc  >&5
configure:3796: $? = 0
configure:3796: ./conftest
configure:3796: $? = 0
configure:3807: result: yes
configure:3820: checking for sys/types.h
configure:3820: gcc -c  -g -O2   conftest.c >&5
configure:3820: $? = 0
configure:3820: result: yes
configure:3820: checking for sys/stat.h
configure:3820: gcc -c  -g -O2   conftest.c >&5
configure:3820: $? = 0
configure:3820: result: yes
configure:3820: checking for stdlib.h
configure:3820: gcc -c  -g -O2   conftest.c >&5
configure:3820: $? = 0
configure:3820: result: yes
configure:3820: checking for string.h
configure:3820: gcc -c  -g -O2   conftest.c >&5
configure:3820: $? = 0
configure:3820: result: yes
configure:3820: checking for memory.h
configure:3820: gcc -c  -g -O2   conftest.c >&5
configure:3820: $? = 0
configure:3820: result: yes
configure:3820: checking for strings.h
configure:3820: gcc -c  -g -O2   conftest.c >&5
configure:3820: $? = 0
configure:3820: result: yes
configure:3820: checking for inttypes.h
configure:3820: gcc -c  -g -O2   conftest.c >&5
configure:3820: $? = 0
configure:3820: result: yes
configure:3820: checking for stdint.h
configure:3820: gcc -c  -g -O2   conftest.c >&5
configure:3820: $? = 0
configure:3820: result: yes
configure:3820: checking for unistd.h
configure:3820: gcc -c  -g -O2   conftest.c >&5
configure:3820: $? = 0
configure:3820: result: yes
configure:3835: checking for stdlib.h
configure:3835: result: yes
configure:3835: checking stdio.h usability
configure:3835: gcc -c  -g -O2   conftest.c >&5
configure:3835: $? = 0
configure:3835: result: yes
configure:3835: checking stdio.h presence
configure:3835: gcc -E   conftest.c
configure:3835: $? = 0
configure:3835: result: yes
configure:3835: checking for stdio.h
configure:3835: result: yes
configure:3835: checking for string.h
configure:3835: result: yes
configure:3835: checking math.h usability
configure:3835: gcc -c  -g -O2   conftest.c >&5
configure:3835: $? = 0
configure:3835: result: yes
configure:3835: checking math.h presence
configure:3835: gcc -E   conftest.c
configure:3835: $? = 0
configure:3835: result: yes
configure:3835: checking for math.h
configure:3835: result: yes
configure:3835: checking time.h usability
configure:3835: gcc -c  -g -O2   conftest.c >&5
configure:3835: $? = 0
configure:3835: result: yes
configure:3835: checking time.h presence
configure:3835: gcc -E   conftest.c
configure:3835: $? = 0
configure:3835: result: yes
configure:3835: checking for time.h
configure:3835: result: yes
configure:3835: checking sys/time.h usability
configure:3835: gcc -c  -g -O2   conftest.c >&5
configure:3835: $? = 0
configure:3835: result: yes
configure:3835: checking sys/time.h presence
configure:3835: gcc -E   conftest.c
configure:3835: $? = 0
configure:3835: result: yes
configure:3835: checking for sys/time.h
configure:3835: result: yes
configure:3835: checking regex.h usability
configure:3835: gcc -c  -g -O2   conftest.c >&5
configure:3835: $? = 0
configure:3835: result: yes
configure:3835: checking regex.h presence
configure:3835: gcc -E   conftest.c
configure:3835: $? = 0
configure:3835: result: yes
configure:3835: checking for regex.h
configure:3835: result: yes
configure:3835: checking alloca.h usability
configure:3835: gcc -c  -g -O2   conftest.c >&5
configure:3835: $? = 0
configure:3835: result: yes
configure:3835: checking alloca.h presence
configure:3835: gcc -E   conftest.c
configure:3835: $? = 0
configure:3835: result: yes
configure:3835: checking for alloca.h
configure:3835: result: yes
configure:3846: checking whether time.h and sys/time.h may both be included
configure:3866: gcc -c  -g -O2   conftest.c >&5
configure:3866: $? = 0
configure:3873: result: yes
configure:3898: checking for stdlib.h
configure:3898: result: yes
configure:3898: checking for unistd.h
configure:3898: result: yes
configure:3898: checking for sys/param.h
configure:3898: gcc -c  -g -O2   conftest.c >&5
configure:3898: $? = 0
configure:3898: result: yes
configure:3918: checking for getpagesize
configure:3918: gcc -o conftest  -g -O2    conftest.c -lm -lc  >&5
configure:3918: $? = 0
configure:3918: result: yes
configure:3927: checking for working mmap
configure:4074: gcc -o conftest  -g -O2    conftest.c -lm -lc  >&5
configure:4074: $? = 0
configure:4074: ./conftest
configure:4074: $? = 0
configure:4084: result: yes
configure:4096: checking for select
configure:4096: gcc -o conftest  -g -O2    conftest.c -lm -lc  >&5
configure:4096: $? = 0
configure:4096: result: yes
configure:4096: checking for socket
configure:4096: gcc -o conftest  -g -O2    conftest.c -lm -lc  >&5
configure:4096: $? = 0
configure:4096: result: yes
configure:4096: checking for strerror
configure:4096: gcc -o conftest  -g -O2    conftest.c -lm -lc  >&5
configure:4096: $? = 0
configure:4096: result: yes
configure:4225: checking whether gcc accepts "-mms-bitfields"
configure:4234: result: yes
configure:4238: checking whether gcc -E accepts "-mms-bitfields"
configure:4246: gcc -E -mms-bitfields   conftest.c
configure:4246: $? = 0
configure:4247: result: yes
configure:4265: checking whether gcc accepts "-fPIC"
configure:4274: result: yes
configure:4278: checking whether gcc -E accepts "-fPIC"
configure:4286: gcc -E -fPIC -mms-bitfields   conftest.c
configure:4286: $? = 0
configure:4287: result: yes
configure:4412: checking "pd>=0.37"
configure:4455: checking "zexy-version"
configure:4515: checking whether linker accepts "-shared -Wl,--export-dynamic"
configure:4531: gcc -o conftest  -g -O2 -mms-bitfields -fPIC -fPIC -mms-bitfields   -shared -Wl,--export-dynamic  conftest.c -lm -lc  >&5
configure:4531: $? = 0
configure:4540: result: yes
configure:4553: checking whether linker accepts "-bundle -mmacosx-version-min=10.3 -undefined dynamic_lookup"
configure:4569: gcc -o conftest  -g -O2 -mms-bitfields -fPIC -fPIC -mms-bitfields   -bundle -mmacosx-version-min=10.3 -undefined dynamic_lookup -shared -Wl,--export-dynamic  conftest.c -lm -lc  >&5
gcc: error: dynamic_lookup: No such file or directory
gcc: error: unrecognized option '-bundle'
configure:4569: $? = 1
configure: failed program was:
| /* confdefs.h */
| #define PACKAGE_NAME ""
| #define PACKAGE_TARNAME ""
| #define PACKAGE_VERSION ""
| #define PACKAGE_STRING ""
| #define PACKAGE_BUGREPORT ""
| #define PACKAGE_URL ""
| #define HAVE_LIBC 1
| #define HAVE_LIBM 1
| #define STDC_HEADERS 1
| #define HAVE_SYS_TYPES_H 1
| #define HAVE_SYS_STAT_H 1
| #define HAVE_STDLIB_H 1
| #define HAVE_STRING_H 1
| #define HAVE_MEMORY_H 1
| #define HAVE_STRINGS_H 1
| #define HAVE_INTTYPES_H 1
| #define HAVE_STDINT_H 1
| #define HAVE_UNISTD_H 1
| #define HAVE_STDLIB_H 1
| #define HAVE_STDIO_H 1
| #define HAVE_STRING_H 1
| #define HAVE_MATH_H 1
| #define HAVE_TIME_H 1
| #define HAVE_SYS_TIME_H 1
| #define HAVE_REGEX_H 1
| #define HAVE_ALLOCA_H 1
| #define TIME_WITH_SYS_TIME 1
| #define HAVE_STDLIB_H 1
| #define HAVE_UNISTD_H 1
| #define HAVE_SYS_PARAM_H 1
| #define HAVE_GETPAGESIZE 1
| #define HAVE_MMAP 1
| #define HAVE_SELECT 1
| #define HAVE_SOCKET 1
| #define HAVE_STRERROR 1
| /* end confdefs.h.  */
| 
| int
| main ()
| {
| 
|   ;
|   return 0;
| }
configure:4582: result: no
configure:4586: checking whether linker accepts "-dynamiclib -mmacosx-version-min=10.3 -undefined dynamic_lookup"
configure:4602: gcc -o conftest  -g -O2 -mms-bitfields -fPIC -fPIC -mms-bitfields   -dynamiclib -mmacosx-version-min=10.3 -undefined dynamic_lookup -shared -Wl,--export-dynamic  conftest.c -lm -lc  >&5
gcc: error: dynamic_lookup: No such file or directory
configure:4602: $? = 1
configure: failed program was:
| /* confdefs.h */
| #define PACKAGE_NAME ""
| #define PACKAGE_TARNAME ""
| #define PACKAGE_VERSION ""
| #define PACKAGE_STRING ""
| #define PACKAGE_BUGREPORT ""
| #define PACKAGE_URL ""
| #define HAVE_LIBC 1
| #define HAVE_LIBM 1
| #define STDC_HEADERS 1
| #define HAVE_SYS_TYPES_H 1
| #define HAVE_SYS_STAT_H 1
| #define HAVE_STDLIB_H 1
| #define HAVE_STRING_H 1
| #define HAVE_MEMORY_H 1
| #define HAVE_STRINGS_H 1
| #define HAVE_INTTYPES_H 1
| #define HAVE_STDINT_H 1
| #define HAVE_UNISTD_H 1
| #define HAVE_STDLIB_H 1
| #define HAVE_STDIO_H 1
| #define HAVE_STRING_H 1
| #define HAVE_MATH_H 1
| #define HAVE_TIME_H 1
| #define HAVE_SYS_TIME_H 1
| #define HAVE_REGEX_H 1
| #define HAVE_ALLOCA_H 1
| #define TIME_WITH_SYS_TIME 1
| #define HAVE_STDLIB_H 1
| #define HAVE_UNISTD_H 1
| #define HAVE_SYS_PARAM_H 1
| #define HAVE_GETPAGESIZE 1
| #define HAVE_MMAP 1
| #define HAVE_SELECT 1
| #define HAVE_SOCKET 1
| #define HAVE_STRERROR 1
| /* end confdefs.h.  */
| 
| int
| main ()
| {
| 
|   ;
|   return 0;
| }
configure:4615: result: no
configure:4619: checking whether linker accepts "-bundle -undefined suppress -flat_namespace"
configure:4635: gcc -o conftest  -g -O2 -mms-bitfields -fPIC -fPIC -mms-bitfields   -bundle -undefined suppress -flat_namespace -shared -Wl,--export-dynamic  conftest.c -lm -lc  >&5
gcc: error: suppress: No such file or directory
gcc: error: unrecognized option '-bundle'
configure:4635: $? = 1
configure: failed program was:
| /* confdefs.h */
| #define PACKAGE_NAME ""
| #define PACKAGE_TARNAME ""
| #define PACKAGE_VERSION ""
| #define PACKAGE_STRING ""
| #define PACKAGE_BUGREPORT ""
| #define PACKAGE_URL ""
| #define HAVE_LIBC 1
| #define HAVE_LIBM 1
| #define STDC_HEADERS 1
| #define HAVE_SYS_TYPES_H 1
| #define HAVE_SYS_STAT_H 1
| #define HAVE_STDLIB_H 1
| #define HAVE_STRING_H 1
| #define HAVE_MEMORY_H 1
| #define HAVE_STRINGS_H 1
| #define HAVE_INTTYPES_H 1
| #define HAVE_STDINT_H 1
| #define HAVE_UNISTD_H 1
| #define HAVE_STDLIB_H 1
| #define HAVE_STDIO_H 1
| #define HAVE_STRING_H 1
| #define HAVE_MATH_H 1
| #define HAVE_TIME_H 1
| #define HAVE_SYS_TIME_H 1
| #define HAVE_REGEX_H 1
| #define HAVE_ALLOCA_H 1
| #define TIME_WITH_SYS_TIME 1
| #define HAVE_STDLIB_H 1
| #define HAVE_UNISTD_H 1
| #define HAVE_SYS_PARAM_H 1
| #define HAVE_GETPAGESIZE 1
| #define HAVE_MMAP 1
| #define HAVE_SELECT 1
| #define HAVE_SOCKET 1
| #define HAVE_STRERROR 1
| /* end confdefs.h.  */
| 
| int
| main ()
| {
| 
|   ;
|   return 0;
| }
configure:4648: result: no
configure:4704: checking linux/ppdev.h usability
configure:4704: gcc -c  -g -O2 -mms-bitfields -fPIC -fPIC -mms-bitfields   conftest.c >&5
configure:4704: $? = 0
configure:4704: result: yes
configure:4704: checking linux/ppdev.h presence
configure:4704: gcc -E -fPIC -mms-bitfields   conftest.c
configure:4704: $? = 0
configure:4704: result: yes
configure:4704: checking for linux/ppdev.h
configure:4704: result: yes
configure:4717: checking "parallel-port"
configure:4759: checking m_pd.h usability
configure:4759: gcc -c  -g -O2 -mms-bitfields -fPIC -fPIC -mms-bitfields   conftest.c >&5
configure:4759: $? = 0
configure:4759: result: yes
configure:4759: checking m_pd.h presence
configure:4759: gcc -E -fPIC -mms-bitfields   conftest.c
configure:4759: $? = 0
configure:4759: result: yes
configure:4759: checking for m_pd.h
configure:4759: result: yes
configure:4892: creating ./config.status

## ---------------------- ##
## Running config.status. ##
## ---------------------- ##

This file was extended by config.status, which was
generated by GNU Autoconf 2.68.  Invocation command line was

  CONFIG_FILES    = 
  CONFIG_HEADERS  = 
  CONFIG_LINKS    = 
  CONFIG_COMMANDS = 
  $ ./config.status 

on LaptopRafa

config.status:847: creating Make.config
config.status:847: creating zexyconf.h

## ---------------- ##
## Cache variables. ##
## ---------------- ##

ac_cv_c_compiler_gnu=yes
ac_cv_env_CC_set=
ac_cv_env_CC_value=
ac_cv_env_CFLAGS_set=
ac_cv_env_CFLAGS_value=
ac_cv_env_CPPFLAGS_set=
ac_cv_env_CPPFLAGS_value=
ac_cv_env_CPP_set=
ac_cv_env_CPP_value=
ac_cv_env_LDFLAGS_set=
ac_cv_env_LDFLAGS_value=
ac_cv_env_LIBS_set=
ac_cv_env_LIBS_value=
ac_cv_env_build_alias_set=
ac_cv_env_build_alias_value=
ac_cv_env_host_alias_set=
ac_cv_env_host_alias_value=
ac_cv_env_target_alias_set=
ac_cv_env_target_alias_value=
ac_cv_func_getpagesize=yes
ac_cv_func_mmap_fixed_mapped=yes
ac_cv_func_select=yes
ac_cv_func_socket=yes
ac_cv_func_strerror=yes
ac_cv_header_alloca_h=yes
ac_cv_header_inttypes_h=yes
ac_cv_header_linux_ppdev_h=yes
ac_cv_header_m_pd_h=yes
ac_cv_header_math_h=yes
ac_cv_header_memory_h=yes
ac_cv_header_regex_h=yes
ac_cv_header_stdc=yes
ac_cv_header_stdint_h=yes
ac_cv_header_stdio_h=yes
ac_cv_header_stdlib_h=yes
ac_cv_header_string_h=yes
ac_cv_header_strings_h=yes
ac_cv_header_sys_param_h=yes
ac_cv_header_sys_stat_h=yes
ac_cv_header_sys_time_h=yes
ac_cv_header_sys_types_h=yes
ac_cv_header_time=yes
ac_cv_header_time_h=yes
ac_cv_header_unistd_h=yes
ac_cv_lib_c_main=yes
ac_cv_lib_coldname_lseek=no
ac_cv_lib_crtdll_fclose=no
ac_cv_lib_gdi32_main=no
ac_cv_lib_kernel32_main=no
ac_cv_lib_m_main=yes
ac_cv_lib_pd_nullfn=no
ac_cv_lib_regex_regcomp=no
ac_cv_lib_user32_main=no
ac_cv_objext=o
ac_cv_path_EGREP='/bin/grep -E'
ac_cv_path_GREP=/bin/grep
ac_cv_prog_CPP='gcc -E'
ac_cv_prog_ac_ct_CC=gcc
ac_cv_prog_cc_c89=
ac_cv_prog_cc_g=yes

## ----------------- ##
## Output variables. ##
## ----------------- ##

ARCH_FLAG=''
BUILDLIBRARY='-DZEXY_LIBRARY'
CC='gcc'
CFLAGS=' -g -O2 -mms-bitfields -fPIC'
CONFIGUREFLAGS=''
CPP='gcc -E'
CPPFLAGS='-fPIC -mms-bitfields  '
DEFS='-DHAVE_CONFIG_H'
ECHO_C=''
ECHO_N='-n'
ECHO_T=''
EGREP='/bin/grep -E'
EXEEXT=''
EXT='pd_linux'
GREP='/bin/grep'
INCLUDES=''
LD='gcc'
LDFLAGS='-shared -Wl,--export-dynamic '
LFLAGS='-shared -Wl,--export-dynamic '
LIBNAME='zexy'
LIBOBJS=''
LIBRARY_VERSION='2.2.4'
LIBS='-lm -lc '
LTLIBOBJS=''
MAKEDEP_FLAGS='-MM'
OBJEXT='o'
PACKAGE_BUGREPORT=''
PACKAGE_NAME=''
PACKAGE_STRING=''
PACKAGE_TARNAME=''
PACKAGE_URL=''
PACKAGE_VERSION=''
PATH_SEPARATOR=':'
PDLIBDIR=''
REFERENCEPATH='extra/'
SHELL='/bin/bash'
SOURCES=''
STK=''
STRIP='strip'
STRIPFLAGS='--strip-unneeded'
ac_ct_CC='gcc'
bindir='${exec_prefix}/bin'
build_alias=''
datadir='${datarootdir}'
datarootdir='${prefix}/share'
docdir='${datarootdir}/doc/${PACKAGE}'
dvidir='${docdir}'
exec_prefix='${prefix}'
host_alias=''
htmldir='${docdir}'
includedir='${prefix}/include'
infodir='${datarootdir}/info'
libdir='${exec_prefix}/lib'
libexecdir='${exec_prefix}/libexec'
localedir='${datarootdir}/locale'
localstatedir='${prefix}/var'
mandir='${datarootdir}/man'
oldincludedir='/usr/include'
pdfdir='${docdir}'
prefix='/usr/local'
program_transform_name='s,x,x,'
psdir='${docdir}'
sbindir='${exec_prefix}/sbin'
sharedstatedir='${prefix}/com'
sysconfdir='${prefix}/etc'
target_alias=''

## ----------- ##
## confdefs.h. ##
## ----------- ##

/* confdefs.h */
#define PACKAGE_NAME ""
#define PACKAGE_TARNAME ""
#define PACKAGE_VERSION ""
#define PACKAGE_STRING ""
#define PACKAGE_BUGREPORT ""
#define PACKAGE_URL ""
#define HAVE_LIBC 1
#define HAVE_LIBM 1
#define STDC_HEADERS 1
#define HAVE_SYS_TYPES_H 1
#define HAVE_SYS_STAT_H 1
#define HAVE_STDLIB_H 1
#define HAVE_STRING_H 1
#define HAVE_MEMORY_H 1
#define HAVE_STRINGS_H 1
#define HAVE_INTTYPES_H 1
#define HAVE_STDINT_H 1
#define HAVE_UNISTD_H 1
#define HAVE_STDLIB_H 1
#define HAVE_STDIO_H 1
#define HAVE_STRING_H 1
#define HAVE_MATH_H 1
#define HAVE_TIME_H 1
#define HAVE_SYS_TIME_H 1
#define HAVE_REGEX_H 1
#define HAVE_ALLOCA_H 1
#define TIME_WITH_SYS_TIME 1
#define HAVE_STDLIB_H 1
#define HAVE_UNISTD_H 1
#define HAVE_SYS_PARAM_H 1
#define HAVE_GETPAGESIZE 1
#define HAVE_MMAP 1
#define HAVE_SELECT 1
#define HAVE_SOCKET 1
#define HAVE_STRERROR 1
#define HAVE_LINUX_PPDEV_H 1
#define Z_WANT_LPT 1
#define HAVE_M_PD_H 1

configure: exit 0
